<testExecutions version="1">
<file path="src/pages/products/[product]/tests/Product.spec.tsx">
<testCase name="Products Snapshot Deve corresponder ao Snapshot" duration="84" />
</file>
</testExecutions>