<testExecutions version="1">
<file path="src/pages/createRelease/context/tests/CreateReleaseProvider.spec.tsx">
<testCase name="&lt;CreateReleaseProvider /&gt; Snapshot Deve corresponder ao Snapshot" duration="0">
<skipped message="&lt;CreateReleaseProvider /&gt; Snapshot Deve corresponder ao Snapshot"/>
</testCase>
<testCase name="&lt;CreateReleaseProvider /&gt; Comportamento Deve resetar estados" duration="42" />
</file>
</testExecutions>